<?xml version="1.0" encoding="UTF-8"?>
<!-- Generated by org.testng.reporters.JUnitReportReporter -->
<testsuite skipped="0" hostname="Mortuzas-MBP.lan1" name="testcases.TC_001" tests="1" failures="0" timestamp="21 Aug 2018 19:11:48 GMT" time="5.453" errors="0">
  <testcase name="testcase1" time="5.453" classname="testcases.TC_001"/>
</testsuite> <!-- testcases.TC_001 -->
