<?xml version="1.0" encoding="UTF-8"?>
<!-- Generated by org.testng.reporters.JUnitReportReporter -->
<testsuite skipped="0" hostname="Mortuzas-MBP.lan1" name="testcases.TC_001" tests="1" failures="0" timestamp="23 Aug 2018 18:55:47 GMT" time="7.600" errors="0">
  <testcase name="testcase1" time="7.600" classname="testcases.TC_001"/>
</testsuite> <!-- testcases.TC_001 -->
